<?xml version="1.0" encoding="UTF-8"?>
<testsuite name="com.charlie.franchiseAPI.FranchiseApiApplicationTests" tests="1" skipped="0" failures="0" errors="0" timestamp="2024-10-20T13:51:18" hostname="mrwarcali-HP-Pavilion-Gaming-Laptop-16-a0xxx" time="0.547">
  <properties/>
  <testcase name="contextLoads()" classname="com.charlie.franchiseAPI.FranchiseApiApplicationTests" time="0.547"/>
  <system-out><![CDATA[08:51:16.930 [Test worker] INFO org.springframework.test.context.support.AnnotationConfigContextLoaderUtils -- Could not detect default configuration classes for test class [com.charlie.franchiseAPI.FranchiseApiApplicationTests]: FranchiseApiApplicationTests does not declare any static, non-private, non-final, nested classes annotated with @Configuration.
08:51:16.997 [Test worker] INFO org.springframework.boot.test.context.SpringBootTestContextBootstrapper -- Found @SpringBootConfiguration com.charlie.franchiseAPI.FranchiseApiApplication for test class com.charlie.franchiseAPI.FranchiseApiApplicationTests

  .   ____          _            __ _ _
 /\\ / ___'_ __ _ _(_)_ __  __ _ \ \ \ \
( ( )\___ | '_ | '_| | '_ \/ _` | \ \ \ \
 \\/  ___)| |_)| | | | | || (_| |  ) ) ) )
  '  |____| .__|_| |_|_| |_\__, | / / / /
 =========|_|==============|___/=/_/_/_/

 :: Spring Boot ::                (v3.3.4)

2024-10-20T08:51:17.279-05:00  INFO 143997 --- [franchiseAPI] [    Test worker] c.c.f.FranchiseApiApplicationTests       : Starting FranchiseApiApplicationTests using Java 17.0.12 with PID 143997 (started by mr-warcali in /home/mr-warcali/Documents/projects/franchiseAPI)
2024-10-20T08:51:17.280-05:00  INFO 143997 --- [franchiseAPI] [    Test worker] c.c.f.FranchiseApiApplicationTests       : No active profile set, falling back to 1 default profile: "default"
2024-10-20T08:51:17.651-05:00  INFO 143997 --- [franchiseAPI] [    Test worker] .s.d.r.c.RepositoryConfigurationDelegate : Bootstrapping Spring Data MongoDB repositories in DEFAULT mode.
2024-10-20T08:51:17.663-05:00  INFO 143997 --- [franchiseAPI] [    Test worker] .s.d.r.c.RepositoryConfigurationDelegate : Finished Spring Data repository scanning in 9 ms. Found 0 MongoDB repository interfaces.
2024-10-20T08:51:18.159-05:00  INFO 143997 --- [franchiseAPI] [    Test worker] org.mongodb.driver.client                : MongoClient with metadata {"driver": {"name": "mongo-java-driver|sync|spring-boot", "version": "5.0.1"}, "os": {"type": "Linux", "name": "Linux", "architecture": "amd64", "version": "6.5.0-44-generic"}, "platform": "Java/Ubuntu/17.0.12+7-Ubuntu-1ubuntu222.04"} created with settings MongoClientSettings{readPreference=primary, writeConcern=WriteConcern{w=null, wTimeout=null ms, journal=null}, retryWrites=true, retryReads=true, readConcern=ReadConcern{level=null}, credential=null, transportSettings=null, commandListeners=[], codecRegistry=ProvidersCodecRegistry{codecProviders=[ValueCodecProvider{}, BsonValueCodecProvider{}, DBRefCodecProvider{}, DBObjectCodecProvider{}, DocumentCodecProvider{}, CollectionCodecProvider{}, IterableCodecProvider{}, MapCodecProvider{}, GeoJsonCodecProvider{}, GridFSFileCodecProvider{}, Jsr310CodecProvider{}, JsonObjectCodecProvider{}, BsonCodecProvider{}, EnumCodecProvider{}, com.mongodb.client.model.mql.ExpressionCodecProvider@7971c2a9, com.mongodb.Jep395RecordCodecProvider@2fd39436, com.mongodb.KotlinCodecProvider@60b5e80d]}, loggerSettings=LoggerSettings{maxDocumentLength=1000}, clusterSettings={hosts=[localhost:27017], srvServiceName=mongodb, mode=SINGLE, requiredClusterType=UNKNOWN, requiredReplicaSetName='null', serverSelector='null', clusterListeners='[]', serverSelectionTimeout='30000 ms', localThreshold='15 ms'}, socketSettings=SocketSettings{connectTimeoutMS=10000, readTimeoutMS=0, receiveBufferSize=0, proxySettings=ProxySettings{host=null, port=null, username=null, password=null}}, heartbeatSocketSettings=SocketSettings{connectTimeoutMS=10000, readTimeoutMS=10000, receiveBufferSize=0, proxySettings=ProxySettings{host=null, port=null, username=null, password=null}}, connectionPoolSettings=ConnectionPoolSettings{maxSize=100, minSize=0, maxWaitTimeMS=120000, maxConnectionLifeTimeMS=0, maxConnectionIdleTimeMS=0, maintenanceInitialDelayMS=0, maintenanceFrequencyMS=60000, connectionPoolListeners=[], maxConnecting=2}, serverSettings=ServerSettings{heartbeatFrequencyMS=10000, minHeartbeatFrequencyMS=500, serverListeners='[]', serverMonitorListeners='[]'}, sslSettings=SslSettings{enabled=false, invalidHostNameAllowed=false, context=null}, applicationName='null', compressorList=[], uuidRepresentation=JAVA_LEGACY, serverApi=null, autoEncryptionSettings=null, dnsClient=null, inetAddressResolver=null, contextProvider=null}
2024-10-20T08:51:18.188-05:00  INFO 143997 --- [franchiseAPI] [localhost:27017] org.mongodb.driver.cluster               : Monitor thread successfully connected to server with description ServerDescription{address=localhost:27017, type=REPLICA_SET_PRIMARY, state=CONNECTED, ok=true, minWireVersion=0, maxWireVersion=17, maxDocumentSize=16777216, logicalSessionTimeoutMinutes=30, roundTripTimeNanos=30602018, setName='miConjuntoDeReplicas', canonicalAddress=127.0.0.1:27017, hosts=[127.0.0.1:27017], passives=[127.0.0.1:27060], arbiters=[], primary='127.0.0.1:27017', tagSet=TagSet{[]}, electionId=7fffffff0000000000000028, setVersion=2, topologyVersion=TopologyVersion{processId=6713bc9a605408f9a24831a0, counter=6}, lastWriteDate=Sun Oct 20 08:51:18 COT 2024, lastUpdateTimeNanos=24994733897812}
2024-10-20T08:51:18.337-05:00  INFO 143997 --- [franchiseAPI] [    Test worker] c.c.f.FranchiseApiApplicationTests       : Started FranchiseApiApplicationTests in 1.24 seconds (process running for 1.951)
]]></system-out>
  <system-err><![CDATA[]]></system-err>
</testsuite>
